<?xml version="1.0" encoding="UTF-8"?>
<!-- Generated by org.testng.reporters.JUnitReportReporter -->
<testsuite hostname="SensaWin11" failures="0" tests="3" name="testng.TestFrames" time="3.960" errors="0" timestamp="2022-11-29T16:17:29 IST" skipped="0">
  <testcase classname="testng.TestFrames" name="TestLaunchFrames" time="3.590"/>
  <system-out/>
  <testcase classname="testng.TestFrames" name="TestFramesInPage" time="0.025"/>
  <system-out/>
  <testcase classname="testng.TestFrames" name="TestFrameNavigation" time="0.345"/>
  <system-out/>
</testsuite> <!-- testng.TestFrames -->
